Traceback (most recent call last):
  File "/usr/local/lib/python3.10/dist-packages/jupyter_cache/executors/utils.py", line 58, in single_nb_execution
    executenb(
  File "/usr/local/lib/python3.10/dist-packages/nbclient/client.py", line 1314, in execute
    return NotebookClient(nb=nb, resources=resources, km=km, **kwargs).execute()
  File "/usr/local/lib/python3.10/dist-packages/jupyter_core/utils/__init__.py", line 165, in wrapped
    return loop.run_until_complete(inner)
  File "/usr/lib/python3.10/asyncio/base_events.py", line 649, in run_until_complete
    return future.result()
  File "/usr/local/lib/python3.10/dist-packages/nbclient/client.py", line 709, in async_execute
    await self.async_execute_cell(
  File "/usr/local/lib/python3.10/dist-packages/nbclient/client.py", line 1062, in async_execute_cell
    await self._check_raise_for_error(cell, cell_index, exec_reply)
  File "/usr/local/lib/python3.10/dist-packages/nbclient/client.py", line 918, in _check_raise_for_error
    raise CellExecutionError.from_cell_and_msg(cell, exec_reply_content)
nbclient.exceptions.CellExecutionError: An error occurred while executing the following cell:
------------------
import re
import string
import pandas as pd
import nltk
from Sastrawi.Stemmer.StemmerFactory import StemmerFactory
from nltk.corpus import stopwords
from nltk.tokenize import word_tokenize

# Download resource NLTK
nltk.download('punkt')
nltk.download('stopwords')

# Inisialisasi stemmer Sastrawi
factory = StemmerFactory()
stemmer = factory.create_stemmer()

# Memuat stopwords Bahasa Indonesia
stop_words = set(stopwords.words('indonesian'))

def preprocess_text(text):
    # 1. Lowercase
    text = text.lower()
    
    # 2. Case Folding (sudah dilakukan oleh lowercase)
    
    # 3. Cleansing
    text = text.strip()  # Menghapus whitespace di awal dan akhir
    text = re.sub(f"[{string.punctuation}]", '', text)  # Menghapus tanda baca
    text = re.sub(r'\d+', '', text)  # Menghapus angka
    text = re.sub(r'[^\x00-\x7F]+', '', text)  # Menghapus karakter non-ASCII
    text = re.sub(r'\s+', ' ', text)  # Menghapus spasi ganda
    
    # 4. Tokenize
    tokens = word_tokenize(text)
    
    # 5. Stopword Removal
    tokens = [word for word in tokens if word not in stop_words]
    
    # 6. Stemming
    tokens = [stemmer.stem(word) for word in tokens]
    
    return tokens

# Membaca data dari CSV
data_mees = pd.read_csv("artikel_idn_preprocessing.csv", sep=',', encoding='utf-8')

# Terapkan pre-processing pada kolom 'Content'
data_mees['Tokens'] = data_mees['Content'].apply(preprocess_text)

# Menampilkan hasil pre-processing
print("\nData Setelah Pre-processing:")
print(data_mees[['Title', 'Date', 'Tokens']])

------------------


[0;31m---------------------------------------------------------------------------[0m
[0;31mModuleNotFoundError[0m                       Traceback (most recent call last)
[0;32m<ipython-input-2-10e52e4e3b61>[0m in [0;36m<cell line: 5>[0;34m()[0m
[1;32m      3[0m [0;32mimport[0m [0mpandas[0m [0;32mas[0m [0mpd[0m[0;34m[0m[0;34m[0m[0m
[1;32m      4[0m [0;32mimport[0m [0mnltk[0m[0;34m[0m[0;34m[0m[0m
[0;32m----> 5[0;31m [0;32mfrom[0m [0mSastrawi[0m[0;34m.[0m[0mStemmer[0m[0;34m.[0m[0mStemmerFactory[0m [0;32mimport[0m [0mStemmerFactory[0m[0;34m[0m[0;34m[0m[0m
[0m[1;32m      6[0m [0;32mfrom[0m [0mnltk[0m[0;34m.[0m[0mcorpus[0m [0;32mimport[0m [0mstopwords[0m[0;34m[0m[0;34m[0m[0m
[1;32m      7[0m [0;32mfrom[0m [0mnltk[0m[0;34m.[0m[0mtokenize[0m [0;32mimport[0m [0mword_tokenize[0m[0;34m[0m[0;34m[0m[0m

[0;31mModuleNotFoundError[0m: No module named 'Sastrawi'

[0;31m---------------------------------------------------------------------------[0;32m
NOTE: If your import is failing due to a missing package, you can
manually install dependencies using either !pip or !apt.

To view examples of installing some common dependencies, click the
"Open Examples" button below.
[0;31m---------------------------------------------------------------------------[0m


